<?xml version="1.0" encoding="UTF-8"?>
<!-- Generated by org.testng.reporters.JUnitReportReporter -->
<testsuite hostname="MacBook-Pro-georg.local" failures="0" tests="4" name="tests.Tests1" time="23.199" errors="0" timestamp="2022-10-10T23:48:50 CEST" skipped="0">
  <testcase classname="tests.Tests1" name="checkFooterPosotionsWithClasses" time="2.366"/>
  <system-out/>
  <testcase classname="tests.Tests1" name="successLogInTest" time="16.591"/>
  <system-out/>
  <testcase classname="tests.Tests1" name="navigateOnThePage" time="1.913"/>
  <system-out/>
  <testcase classname="tests.Tests1" name="checkFooterPositions" time="2.329"/>
  <system-out/>
</testsuite> <!-- tests.Tests1 -->
